2025-11-06 22:33:42,150 - root - INFO - Mega Enhanced Predictor initialized
2025-11-06 22:33:42,150 - root - INFO - Initializing MEGA Enhanced Prediction System...
2025-11-06 22:33:42,150 - root - INFO - Loading billion roll dataset...
2025-11-06 22:33:42,151 - root - INFO - Loading 1,000,000,000 rolls from billion roll dataset...
2025-11-06 22:33:49,578 - root - INFO - Successfully loaded 1,000,000,000 rolls
2025-11-06 22:33:49,782 - root - INFO - Analyzing billion roll patterns...
2025-11-06 22:33:49,782 - root - INFO - Analyzing billion roll dataset...
2025-11-06 22:40:14,424 - root - INFO - Extracting ML features...
2025-11-06 22:40:23,406 - root - INFO - Training ML models on historical data...
2025-11-06 22:42:29,629 - root - INFO - Trained random_forest: R² = -0.038
2025-11-06 22:42:45,850 - root - INFO - Trained gradient_boost: R² = -0.001
2025-11-06 22:42:45,878 - root - INFO - Trained linear: R² = -0.000
2025-11-06 22:42:45,879 - root - INFO - ML model training completed
2025-11-06 22:42:45,879 - root - INFO - Initializing new Supreme AI Decision Engine...
2025-11-06 22:42:45,941 - root - INFO - Registered 4 prediction models
2025-11-06 22:42:45,941 - root - INFO - Unified AI Decision Engine initialized successfully
2025-11-06 22:42:45,941 - root - INFO - Supreme AI Decision Engine initialized and ready for maximum profit generation!
2025-11-06 22:42:45,941 - root - INFO - Real-time components initialized
2025-11-06 22:42:45,941 - root - INFO - MEGA Enhanced Prediction System ready!
2025-11-06 22:42:46,591 - werkzeug - INFO - [31m[1mWARNING: This is a development server. Do not use it in a production deployment. Use a production WSGI server instead.[0m
 * Running on all addresses (0.0.0.0)
 * Running on http://127.0.0.1:5000
 * Running on http://192.168.101.106:5000
2025-11-06 22:42:46,591 - werkzeug - INFO - [33mPress CTRL+C to quit[0m
